[2023-05-26 06:15:29,785] {taskinstance.py:1179} INFO - Dependencies all met for <TaskInstance: tercera_entrega_ecentoz.db_connect scheduled__2023-04-10T00:00:00+00:00 [queued]>
[2023-05-26 06:15:29,800] {taskinstance.py:1179} INFO - Dependencies all met for <TaskInstance: tercera_entrega_ecentoz.db_connect scheduled__2023-04-10T00:00:00+00:00 [queued]>
[2023-05-26 06:15:29,801] {taskinstance.py:1376} INFO - 
--------------------------------------------------------------------------------
[2023-05-26 06:15:29,804] {taskinstance.py:1377} INFO - Starting attempt 1 of 6
[2023-05-26 06:15:29,806] {taskinstance.py:1378} INFO - 
--------------------------------------------------------------------------------
[2023-05-26 06:15:29,823] {taskinstance.py:1397} INFO - Executing <Task(PythonOperator): db_connect> on 2023-04-10 00:00:00+00:00
[2023-05-26 06:15:29,830] {standard_task_runner.py:52} INFO - Started process 1345 to run task
[2023-05-26 06:15:29,832] {standard_task_runner.py:79} INFO - Running: ['***', 'tasks', 'run', 'tercera_entrega_ecentoz', 'db_connect', 'scheduled__2023-04-10T00:00:00+00:00', '--job-id', '148', '--raw', '--subdir', 'DAGS_FOLDER/dag_tercera_entrega.py', '--cfg-path', '/tmp/tmp35yt6hbd', '--error-file', '/tmp/tmpl1ikob5h']
[2023-05-26 06:15:29,834] {standard_task_runner.py:80} INFO - Job 148: Subtask db_connect
[2023-05-26 06:15:29,908] {task_command.py:371} INFO - Running <TaskInstance: tercera_entrega_ecentoz.db_connect scheduled__2023-04-10T00:00:00+00:00 [running]> on host f4aa0d8de4f3
[2023-05-26 06:15:29,999] {taskinstance.py:1591} INFO - Exporting the following env vars:
AIRFLOW_CTX_DAG_OWNER=ecentoz
AIRFLOW_CTX_DAG_ID=tercera_entrega_ecentoz
AIRFLOW_CTX_TASK_ID=db_connect
AIRFLOW_CTX_EXECUTION_DATE=2023-04-10T00:00:00+00:00
AIRFLOW_CTX_TRY_NUMBER=1
AIRFLOW_CTX_DAG_RUN_ID=scheduled__2023-04-10T00:00:00+00:00
[2023-05-26 06:15:30,560] {logging_mixin.py:115} INFO - Se acabó la cuota de datos, revise el último df_final para decidir como continuar
[2023-05-26 06:15:37,919] {python.py:173} INFO - Done. Returned value was: None
[2023-05-26 06:15:37,931] {taskinstance.py:1420} INFO - Marking task as SUCCESS. dag_id=tercera_entrega_ecentoz, task_id=db_connect, execution_date=20230410T000000, start_date=20230526T061529, end_date=20230526T061537
[2023-05-26 06:15:37,980] {local_task_job.py:156} INFO - Task exited with return code 0
[2023-05-26 06:15:38,003] {local_task_job.py:273} INFO - 0 downstream tasks scheduled from follow-on schedule check
