[2023-05-26 06:06:43,723] {taskinstance.py:1179} INFO - Dependencies all met for <TaskInstance: tercera_entrega_ecentoz.db_connect scheduled__2023-03-06T00:00:00+00:00 [queued]>
[2023-05-26 06:06:43,732] {taskinstance.py:1179} INFO - Dependencies all met for <TaskInstance: tercera_entrega_ecentoz.db_connect scheduled__2023-03-06T00:00:00+00:00 [queued]>
[2023-05-26 06:06:43,733] {taskinstance.py:1376} INFO - 
--------------------------------------------------------------------------------
[2023-05-26 06:06:43,735] {taskinstance.py:1377} INFO - Starting attempt 1 of 6
[2023-05-26 06:06:43,735] {taskinstance.py:1378} INFO - 
--------------------------------------------------------------------------------
[2023-05-26 06:06:43,748] {taskinstance.py:1397} INFO - Executing <Task(PythonOperator): db_connect> on 2023-03-06 00:00:00+00:00
[2023-05-26 06:06:43,754] {standard_task_runner.py:52} INFO - Started process 883 to run task
[2023-05-26 06:06:43,757] {standard_task_runner.py:79} INFO - Running: ['***', 'tasks', 'run', 'tercera_entrega_ecentoz', 'db_connect', 'scheduled__2023-03-06T00:00:00+00:00', '--job-id', '94', '--raw', '--subdir', 'DAGS_FOLDER/dag_tercera_entrega.py', '--cfg-path', '/tmp/tmp2rkec4d7', '--error-file', '/tmp/tmpaua9oc3k']
[2023-05-26 06:06:43,758] {standard_task_runner.py:80} INFO - Job 94: Subtask db_connect
[2023-05-26 06:06:43,822] {task_command.py:371} INFO - Running <TaskInstance: tercera_entrega_ecentoz.db_connect scheduled__2023-03-06T00:00:00+00:00 [running]> on host f4aa0d8de4f3
[2023-05-26 06:06:43,902] {taskinstance.py:1591} INFO - Exporting the following env vars:
AIRFLOW_CTX_DAG_OWNER=ecentoz
AIRFLOW_CTX_DAG_ID=tercera_entrega_ecentoz
AIRFLOW_CTX_TASK_ID=db_connect
AIRFLOW_CTX_EXECUTION_DATE=2023-03-06T00:00:00+00:00
AIRFLOW_CTX_TRY_NUMBER=1
AIRFLOW_CTX_DAG_RUN_ID=scheduled__2023-03-06T00:00:00+00:00
[2023-05-26 06:07:09,337] {python.py:173} INFO - Done. Returned value was: None
[2023-05-26 06:07:09,351] {taskinstance.py:1420} INFO - Marking task as SUCCESS. dag_id=tercera_entrega_ecentoz, task_id=db_connect, execution_date=20230306T000000, start_date=20230526T060643, end_date=20230526T060709
[2023-05-26 06:07:09,405] {local_task_job.py:156} INFO - Task exited with return code 0
[2023-05-26 06:07:09,478] {local_task_job.py:273} INFO - 0 downstream tasks scheduled from follow-on schedule check
