[2023-05-26 06:07:27,522] {taskinstance.py:1179} INFO - Dependencies all met for <TaskInstance: tercera_entrega_ecentoz.db_connect scheduled__2023-03-09T00:00:00+00:00 [queued]>
[2023-05-26 06:07:27,530] {taskinstance.py:1179} INFO - Dependencies all met for <TaskInstance: tercera_entrega_ecentoz.db_connect scheduled__2023-03-09T00:00:00+00:00 [queued]>
[2023-05-26 06:07:27,531] {taskinstance.py:1376} INFO - 
--------------------------------------------------------------------------------
[2023-05-26 06:07:27,532] {taskinstance.py:1377} INFO - Starting attempt 1 of 6
[2023-05-26 06:07:27,532] {taskinstance.py:1378} INFO - 
--------------------------------------------------------------------------------
[2023-05-26 06:07:27,551] {taskinstance.py:1397} INFO - Executing <Task(PythonOperator): db_connect> on 2023-03-09 00:00:00+00:00
[2023-05-26 06:07:27,562] {standard_task_runner.py:52} INFO - Started process 922 to run task
[2023-05-26 06:07:27,566] {standard_task_runner.py:79} INFO - Running: ['***', 'tasks', 'run', 'tercera_entrega_ecentoz', 'db_connect', 'scheduled__2023-03-09T00:00:00+00:00', '--job-id', '97', '--raw', '--subdir', 'DAGS_FOLDER/dag_tercera_entrega.py', '--cfg-path', '/tmp/tmpaginlhil', '--error-file', '/tmp/tmpqvezasix']
[2023-05-26 06:07:27,568] {standard_task_runner.py:80} INFO - Job 97: Subtask db_connect
[2023-05-26 06:07:27,631] {task_command.py:371} INFO - Running <TaskInstance: tercera_entrega_ecentoz.db_connect scheduled__2023-03-09T00:00:00+00:00 [running]> on host f4aa0d8de4f3
[2023-05-26 06:07:27,695] {taskinstance.py:1591} INFO - Exporting the following env vars:
AIRFLOW_CTX_DAG_OWNER=ecentoz
AIRFLOW_CTX_DAG_ID=tercera_entrega_ecentoz
AIRFLOW_CTX_TASK_ID=db_connect
AIRFLOW_CTX_EXECUTION_DATE=2023-03-09T00:00:00+00:00
AIRFLOW_CTX_TRY_NUMBER=1
AIRFLOW_CTX_DAG_RUN_ID=scheduled__2023-03-09T00:00:00+00:00
[2023-05-26 06:07:53,392] {python.py:173} INFO - Done. Returned value was: None
[2023-05-26 06:07:53,406] {taskinstance.py:1420} INFO - Marking task as SUCCESS. dag_id=tercera_entrega_ecentoz, task_id=db_connect, execution_date=20230309T000000, start_date=20230526T060727, end_date=20230526T060753
[2023-05-26 06:07:53,426] {local_task_job.py:156} INFO - Task exited with return code 0
[2023-05-26 06:07:53,453] {local_task_job.py:273} INFO - 0 downstream tasks scheduled from follow-on schedule check
