[2023-05-26 06:14:43,382] {taskinstance.py:1179} INFO - Dependencies all met for <TaskInstance: tercera_entrega_ecentoz.db_connect scheduled__2023-04-06T00:00:00+00:00 [queued]>
[2023-05-26 06:14:43,397] {taskinstance.py:1179} INFO - Dependencies all met for <TaskInstance: tercera_entrega_ecentoz.db_connect scheduled__2023-04-06T00:00:00+00:00 [queued]>
[2023-05-26 06:14:43,398] {taskinstance.py:1376} INFO - 
--------------------------------------------------------------------------------
[2023-05-26 06:14:43,400] {taskinstance.py:1377} INFO - Starting attempt 1 of 6
[2023-05-26 06:14:43,401] {taskinstance.py:1378} INFO - 
--------------------------------------------------------------------------------
[2023-05-26 06:14:43,418] {taskinstance.py:1397} INFO - Executing <Task(PythonOperator): db_connect> on 2023-04-06 00:00:00+00:00
[2023-05-26 06:14:43,425] {standard_task_runner.py:52} INFO - Started process 1297 to run task
[2023-05-26 06:14:43,428] {standard_task_runner.py:79} INFO - Running: ['***', 'tasks', 'run', 'tercera_entrega_ecentoz', 'db_connect', 'scheduled__2023-04-06T00:00:00+00:00', '--job-id', '140', '--raw', '--subdir', 'DAGS_FOLDER/dag_tercera_entrega.py', '--cfg-path', '/tmp/tmp4wtx8p1m', '--error-file', '/tmp/tmpoy7g3g09']
[2023-05-26 06:14:43,430] {standard_task_runner.py:80} INFO - Job 140: Subtask db_connect
[2023-05-26 06:14:43,515] {task_command.py:371} INFO - Running <TaskInstance: tercera_entrega_ecentoz.db_connect scheduled__2023-04-06T00:00:00+00:00 [running]> on host f4aa0d8de4f3
[2023-05-26 06:14:43,625] {taskinstance.py:1591} INFO - Exporting the following env vars:
AIRFLOW_CTX_DAG_OWNER=ecentoz
AIRFLOW_CTX_DAG_ID=tercera_entrega_ecentoz
AIRFLOW_CTX_TASK_ID=db_connect
AIRFLOW_CTX_EXECUTION_DATE=2023-04-06T00:00:00+00:00
AIRFLOW_CTX_TRY_NUMBER=1
AIRFLOW_CTX_DAG_RUN_ID=scheduled__2023-04-06T00:00:00+00:00
[2023-05-26 06:14:44,246] {logging_mixin.py:115} INFO - Se acabó la cuota de datos, revise el último df_final para decidir como continuar
[2023-05-26 06:14:52,652] {python.py:173} INFO - Done. Returned value was: None
[2023-05-26 06:14:52,665] {taskinstance.py:1420} INFO - Marking task as SUCCESS. dag_id=tercera_entrega_ecentoz, task_id=db_connect, execution_date=20230406T000000, start_date=20230526T061443, end_date=20230526T061452
[2023-05-26 06:14:52,706] {local_task_job.py:156} INFO - Task exited with return code 0
[2023-05-26 06:14:52,729] {local_task_job.py:273} INFO - 0 downstream tasks scheduled from follow-on schedule check
