[2023-05-26 06:25:01,257] {taskinstance.py:1179} INFO - Dependencies all met for <TaskInstance: tercera_entrega_ecentoz.db_connect scheduled__2023-05-05T00:00:00+00:00 [queued]>
[2023-05-26 06:25:01,276] {taskinstance.py:1179} INFO - Dependencies all met for <TaskInstance: tercera_entrega_ecentoz.db_connect scheduled__2023-05-05T00:00:00+00:00 [queued]>
[2023-05-26 06:25:01,277] {taskinstance.py:1376} INFO - 
--------------------------------------------------------------------------------
[2023-05-26 06:25:01,278] {taskinstance.py:1377} INFO - Starting attempt 2 of 6
[2023-05-26 06:25:01,279] {taskinstance.py:1378} INFO - 
--------------------------------------------------------------------------------
[2023-05-26 06:25:01,292] {taskinstance.py:1397} INFO - Executing <Task(PythonOperator): db_connect> on 2023-05-05 00:00:00+00:00
[2023-05-26 06:25:01,296] {standard_task_runner.py:52} INFO - Started process 1888 to run task
[2023-05-26 06:25:01,299] {standard_task_runner.py:79} INFO - Running: ['***', 'tasks', 'run', 'tercera_entrega_ecentoz', 'db_connect', 'scheduled__2023-05-05T00:00:00+00:00', '--job-id', '219', '--raw', '--subdir', 'DAGS_FOLDER/dag_tercera_entrega.py', '--cfg-path', '/tmp/tmpd4qs20k0', '--error-file', '/tmp/tmp_8tbpyob']
[2023-05-26 06:25:01,300] {standard_task_runner.py:80} INFO - Job 219: Subtask db_connect
[2023-05-26 06:25:01,369] {task_command.py:371} INFO - Running <TaskInstance: tercera_entrega_ecentoz.db_connect scheduled__2023-05-05T00:00:00+00:00 [running]> on host f4aa0d8de4f3
[2023-05-26 06:25:01,440] {taskinstance.py:1591} INFO - Exporting the following env vars:
AIRFLOW_CTX_DAG_OWNER=ecentoz
AIRFLOW_CTX_DAG_ID=tercera_entrega_ecentoz
AIRFLOW_CTX_TASK_ID=db_connect
AIRFLOW_CTX_EXECUTION_DATE=2023-05-05T00:00:00+00:00
AIRFLOW_CTX_TRY_NUMBER=2
AIRFLOW_CTX_DAG_RUN_ID=scheduled__2023-05-05T00:00:00+00:00
[2023-05-26 06:25:01,963] {logging_mixin.py:115} INFO - Se acabó la cuota de datos, revise el último df_final para decidir como continuar
[2023-05-26 06:25:10,194] {python.py:173} INFO - Done. Returned value was: None
[2023-05-26 06:25:10,208] {taskinstance.py:1420} INFO - Marking task as SUCCESS. dag_id=tercera_entrega_ecentoz, task_id=db_connect, execution_date=20230505T000000, start_date=20230526T062501, end_date=20230526T062510
[2023-05-26 06:25:10,255] {local_task_job.py:156} INFO - Task exited with return code 0
[2023-05-26 06:25:10,278] {local_task_job.py:273} INFO - 0 downstream tasks scheduled from follow-on schedule check
