[2023-05-26 06:04:52,980] {taskinstance.py:1179} INFO - Dependencies all met for <TaskInstance: tercera_entrega_ecentoz.db_connect scheduled__2023-01-08T00:00:00+00:00 [queued]>
[2023-05-26 06:04:53,001] {taskinstance.py:1179} INFO - Dependencies all met for <TaskInstance: tercera_entrega_ecentoz.db_connect scheduled__2023-01-08T00:00:00+00:00 [queued]>
[2023-05-26 06:04:53,003] {taskinstance.py:1376} INFO - 
--------------------------------------------------------------------------------
[2023-05-26 06:04:53,004] {taskinstance.py:1377} INFO - Starting attempt 3 of 6
[2023-05-26 06:04:53,005] {taskinstance.py:1378} INFO - 
--------------------------------------------------------------------------------
[2023-05-26 06:04:53,030] {taskinstance.py:1397} INFO - Executing <Task(PythonOperator): db_connect> on 2023-01-08 00:00:00+00:00
[2023-05-26 06:04:53,037] {standard_task_runner.py:52} INFO - Started process 760 to run task
[2023-05-26 06:04:53,042] {standard_task_runner.py:79} INFO - Running: ['***', 'tasks', 'run', 'tercera_entrega_ecentoz', 'db_connect', 'scheduled__2023-01-08T00:00:00+00:00', '--job-id', '73', '--raw', '--subdir', 'DAGS_FOLDER/dag_tercera_entrega.py', '--cfg-path', '/tmp/tmpko30czyj', '--error-file', '/tmp/tmpbkd8kg1z']
[2023-05-26 06:04:53,046] {standard_task_runner.py:80} INFO - Job 73: Subtask db_connect
[2023-05-26 06:04:53,156] {task_command.py:371} INFO - Running <TaskInstance: tercera_entrega_ecentoz.db_connect scheduled__2023-01-08T00:00:00+00:00 [running]> on host f4aa0d8de4f3
[2023-05-26 06:04:53,360] {taskinstance.py:1591} INFO - Exporting the following env vars:
AIRFLOW_CTX_DAG_OWNER=ecentoz
AIRFLOW_CTX_DAG_ID=tercera_entrega_ecentoz
AIRFLOW_CTX_TASK_ID=db_connect
AIRFLOW_CTX_EXECUTION_DATE=2023-01-08T00:00:00+00:00
AIRFLOW_CTX_TRY_NUMBER=3
AIRFLOW_CTX_DAG_RUN_ID=scheduled__2023-01-08T00:00:00+00:00
[2023-05-26 06:05:22,112] {python.py:173} INFO - Done. Returned value was: None
[2023-05-26 06:05:22,127] {taskinstance.py:1420} INFO - Marking task as SUCCESS. dag_id=tercera_entrega_ecentoz, task_id=db_connect, execution_date=20230108T000000, start_date=20230526T060452, end_date=20230526T060522
[2023-05-26 06:05:22,184] {local_task_job.py:156} INFO - Task exited with return code 0
[2023-05-26 06:05:22,214] {local_task_job.py:273} INFO - 0 downstream tasks scheduled from follow-on schedule check
