[2023-06-12 02:16:29,864] {taskinstance.py:1179} INFO - Dependencies all met for <TaskInstance: tercera_entrega_ecentoz.db_connect manual__2023-06-12T01:42:39.079043+00:00 [queued]>
[2023-06-12 02:16:29,876] {taskinstance.py:1179} INFO - Dependencies all met for <TaskInstance: tercera_entrega_ecentoz.db_connect manual__2023-06-12T01:42:39.079043+00:00 [queued]>
[2023-06-12 02:16:29,877] {taskinstance.py:1376} INFO - 
--------------------------------------------------------------------------------
[2023-06-12 02:16:29,877] {taskinstance.py:1377} INFO - Starting attempt 4 of 6
[2023-06-12 02:16:29,878] {taskinstance.py:1378} INFO - 
--------------------------------------------------------------------------------
[2023-06-12 02:16:29,894] {taskinstance.py:1397} INFO - Executing <Task(PythonOperator): db_connect> on 2023-06-12 01:42:39.079043+00:00
[2023-06-12 02:16:29,899] {standard_task_runner.py:52} INFO - Started process 237 to run task
[2023-06-12 02:16:29,902] {standard_task_runner.py:79} INFO - Running: ['***', 'tasks', 'run', 'tercera_entrega_ecentoz', 'db_connect', 'manual__2023-06-12T01:42:39.079043+00:00', '--job-id', '392', '--raw', '--subdir', 'DAGS_FOLDER/dag_tercera_entrega.py', '--cfg-path', '/tmp/tmpxjd8w5jb', '--error-file', '/tmp/tmpkytbeox1']
[2023-06-12 02:16:29,904] {standard_task_runner.py:80} INFO - Job 392: Subtask db_connect
[2023-06-12 02:16:29,980] {task_command.py:371} INFO - Running <TaskInstance: tercera_entrega_ecentoz.db_connect manual__2023-06-12T01:42:39.079043+00:00 [running]> on host 833a7834a9bc
[2023-06-12 02:16:30,058] {taskinstance.py:1591} INFO - Exporting the following env vars:
AIRFLOW_CTX_DAG_OWNER=ecentoz
AIRFLOW_CTX_DAG_ID=tercera_entrega_ecentoz
AIRFLOW_CTX_TASK_ID=db_connect
AIRFLOW_CTX_EXECUTION_DATE=2023-06-12T01:42:39.079043+00:00
AIRFLOW_CTX_TRY_NUMBER=4
AIRFLOW_CTX_DAG_RUN_ID=manual__2023-06-12T01:42:39.079043+00:00
[2023-06-12 02:17:01,633] {python.py:173} INFO - Done. Returned value was: None
[2023-06-12 02:17:01,653] {taskinstance.py:1420} INFO - Marking task as SUCCESS. dag_id=tercera_entrega_ecentoz, task_id=db_connect, execution_date=20230612T014239, start_date=20230612T021629, end_date=20230612T021701
[2023-06-12 02:17:01,678] {local_task_job.py:156} INFO - Task exited with return code 0
[2023-06-12 02:17:01,701] {local_task_job.py:273} INFO - 0 downstream tasks scheduled from follow-on schedule check
