[2023-05-26 06:10:49,293] {taskinstance.py:1179} INFO - Dependencies all met for <TaskInstance: tercera_entrega_ecentoz.db_connect scheduled__2023-03-27T00:00:00+00:00 [queued]>
[2023-05-26 06:10:49,304] {taskinstance.py:1179} INFO - Dependencies all met for <TaskInstance: tercera_entrega_ecentoz.db_connect scheduled__2023-03-27T00:00:00+00:00 [queued]>
[2023-05-26 06:10:49,305] {taskinstance.py:1376} INFO - 
--------------------------------------------------------------------------------
[2023-05-26 06:10:49,307] {taskinstance.py:1377} INFO - Starting attempt 1 of 6
[2023-05-26 06:10:49,308] {taskinstance.py:1378} INFO - 
--------------------------------------------------------------------------------
[2023-05-26 06:10:49,332] {taskinstance.py:1397} INFO - Executing <Task(PythonOperator): db_connect> on 2023-03-27 00:00:00+00:00
[2023-05-26 06:10:49,341] {standard_task_runner.py:52} INFO - Started process 1132 to run task
[2023-05-26 06:10:49,347] {standard_task_runner.py:79} INFO - Running: ['***', 'tasks', 'run', 'tercera_entrega_ecentoz', 'db_connect', 'scheduled__2023-03-27T00:00:00+00:00', '--job-id', '129', '--raw', '--subdir', 'DAGS_FOLDER/dag_tercera_entrega.py', '--cfg-path', '/tmp/tmpz3xq7ed5', '--error-file', '/tmp/tmp92ksjjmp']
[2023-05-26 06:10:49,350] {standard_task_runner.py:80} INFO - Job 129: Subtask db_connect
[2023-05-26 06:10:49,441] {task_command.py:371} INFO - Running <TaskInstance: tercera_entrega_ecentoz.db_connect scheduled__2023-03-27T00:00:00+00:00 [running]> on host f4aa0d8de4f3
[2023-05-26 06:10:49,531] {taskinstance.py:1591} INFO - Exporting the following env vars:
AIRFLOW_CTX_DAG_OWNER=ecentoz
AIRFLOW_CTX_DAG_ID=tercera_entrega_ecentoz
AIRFLOW_CTX_TASK_ID=db_connect
AIRFLOW_CTX_EXECUTION_DATE=2023-03-27T00:00:00+00:00
AIRFLOW_CTX_TRY_NUMBER=1
AIRFLOW_CTX_DAG_RUN_ID=scheduled__2023-03-27T00:00:00+00:00
[2023-05-26 06:10:50,108] {logging_mixin.py:115} INFO - Se acabó la cuota de datos, revise el último df_final para decidir como continuar
[2023-05-26 06:10:59,385] {python.py:173} INFO - Done. Returned value was: None
[2023-05-26 06:10:59,400] {taskinstance.py:1420} INFO - Marking task as SUCCESS. dag_id=tercera_entrega_ecentoz, task_id=db_connect, execution_date=20230327T000000, start_date=20230526T061049, end_date=20230526T061059
[2023-05-26 06:10:59,412] {local_task_job.py:221} WARNING - State of this instance has been externally set to success. Terminating instance.
[2023-05-26 06:10:59,416] {process_utils.py:129} INFO - Sending Signals.SIGTERM to group 1132. PIDs of all processes in the group: [1132]
[2023-05-26 06:10:59,416] {process_utils.py:80} INFO - Sending the signal Signals.SIGTERM to group 1132
[2023-05-26 06:10:59,421] {process_utils.py:75} INFO - Process psutil.Process(pid=1132, status='terminated', exitcode=0, started='06:10:48') (1132) terminated with exit code 0
