[2023-05-26 05:57:30,351] {taskinstance.py:1179} INFO - Dependencies all met for <TaskInstance: tercera_entrega_ecentoz.db_connect scheduled__2023-01-25T00:00:00+00:00 [queued]>
[2023-05-26 05:57:30,362] {taskinstance.py:1179} INFO - Dependencies all met for <TaskInstance: tercera_entrega_ecentoz.db_connect scheduled__2023-01-25T00:00:00+00:00 [queued]>
[2023-05-26 05:57:30,363] {taskinstance.py:1376} INFO - 
--------------------------------------------------------------------------------
[2023-05-26 05:57:30,365] {taskinstance.py:1377} INFO - Starting attempt 1 of 6
[2023-05-26 05:57:30,366] {taskinstance.py:1378} INFO - 
--------------------------------------------------------------------------------
[2023-05-26 05:57:30,380] {taskinstance.py:1397} INFO - Executing <Task(PythonOperator): db_connect> on 2023-01-25 00:00:00+00:00
[2023-05-26 05:57:30,386] {standard_task_runner.py:52} INFO - Started process 367 to run task
[2023-05-26 05:57:30,389] {standard_task_runner.py:79} INFO - Running: ['***', 'tasks', 'run', 'tercera_entrega_ecentoz', 'db_connect', 'scheduled__2023-01-25T00:00:00+00:00', '--job-id', '26', '--raw', '--subdir', 'DAGS_FOLDER/dag_tercera_entrega.py', '--cfg-path', '/tmp/tmpzclfg991', '--error-file', '/tmp/tmp0jwks4k8']
[2023-05-26 05:57:30,390] {standard_task_runner.py:80} INFO - Job 26: Subtask db_connect
[2023-05-26 05:57:30,460] {task_command.py:371} INFO - Running <TaskInstance: tercera_entrega_ecentoz.db_connect scheduled__2023-01-25T00:00:00+00:00 [running]> on host f4aa0d8de4f3
[2023-05-26 05:57:30,529] {taskinstance.py:1591} INFO - Exporting the following env vars:
AIRFLOW_CTX_DAG_OWNER=ecentoz
AIRFLOW_CTX_DAG_ID=tercera_entrega_ecentoz
AIRFLOW_CTX_TASK_ID=db_connect
AIRFLOW_CTX_EXECUTION_DATE=2023-01-25T00:00:00+00:00
AIRFLOW_CTX_TRY_NUMBER=1
AIRFLOW_CTX_DAG_RUN_ID=scheduled__2023-01-25T00:00:00+00:00
[2023-05-26 05:57:52,492] {python.py:173} INFO - Done. Returned value was: None
[2023-05-26 05:57:52,506] {taskinstance.py:1420} INFO - Marking task as SUCCESS. dag_id=tercera_entrega_ecentoz, task_id=db_connect, execution_date=20230125T000000, start_date=20230526T055730, end_date=20230526T055752
[2023-05-26 05:57:52,542] {local_task_job.py:156} INFO - Task exited with return code 0
[2023-05-26 05:57:52,639] {local_task_job.py:273} INFO - 0 downstream tasks scheduled from follow-on schedule check
