[2023-05-26 06:01:52,645] {taskinstance.py:1179} INFO - Dependencies all met for <TaskInstance: tercera_entrega_ecentoz.db_connect scheduled__2023-02-14T00:00:00+00:00 [queued]>
[2023-05-26 06:01:52,655] {taskinstance.py:1179} INFO - Dependencies all met for <TaskInstance: tercera_entrega_ecentoz.db_connect scheduled__2023-02-14T00:00:00+00:00 [queued]>
[2023-05-26 06:01:52,656] {taskinstance.py:1376} INFO - 
--------------------------------------------------------------------------------
[2023-05-26 06:01:52,658] {taskinstance.py:1377} INFO - Starting attempt 1 of 6
[2023-05-26 06:01:52,658] {taskinstance.py:1378} INFO - 
--------------------------------------------------------------------------------
[2023-05-26 06:01:52,673] {taskinstance.py:1397} INFO - Executing <Task(PythonOperator): db_connect> on 2023-02-14 00:00:00+00:00
[2023-05-26 06:01:52,679] {standard_task_runner.py:52} INFO - Started process 619 to run task
[2023-05-26 06:01:52,682] {standard_task_runner.py:79} INFO - Running: ['***', 'tasks', 'run', 'tercera_entrega_ecentoz', 'db_connect', 'scheduled__2023-02-14T00:00:00+00:00', '--job-id', '60', '--raw', '--subdir', 'DAGS_FOLDER/dag_tercera_entrega.py', '--cfg-path', '/tmp/tmp9muf2ou6', '--error-file', '/tmp/tmpt4cvqeav']
[2023-05-26 06:01:52,684] {standard_task_runner.py:80} INFO - Job 60: Subtask db_connect
[2023-05-26 06:01:52,751] {task_command.py:371} INFO - Running <TaskInstance: tercera_entrega_ecentoz.db_connect scheduled__2023-02-14T00:00:00+00:00 [running]> on host f4aa0d8de4f3
[2023-05-26 06:01:52,818] {taskinstance.py:1591} INFO - Exporting the following env vars:
AIRFLOW_CTX_DAG_OWNER=ecentoz
AIRFLOW_CTX_DAG_ID=tercera_entrega_ecentoz
AIRFLOW_CTX_TASK_ID=db_connect
AIRFLOW_CTX_EXECUTION_DATE=2023-02-14T00:00:00+00:00
AIRFLOW_CTX_TRY_NUMBER=1
AIRFLOW_CTX_DAG_RUN_ID=scheduled__2023-02-14T00:00:00+00:00
[2023-05-26 06:02:16,126] {python.py:173} INFO - Done. Returned value was: None
[2023-05-26 06:02:16,142] {taskinstance.py:1420} INFO - Marking task as SUCCESS. dag_id=tercera_entrega_ecentoz, task_id=db_connect, execution_date=20230214T000000, start_date=20230526T060152, end_date=20230526T060216
[2023-05-26 06:02:16,167] {local_task_job.py:156} INFO - Task exited with return code 0
[2023-05-26 06:02:16,197] {local_task_job.py:273} INFO - 0 downstream tasks scheduled from follow-on schedule check
