[2023-05-26 06:05:32,394] {taskinstance.py:1179} INFO - Dependencies all met for <TaskInstance: tercera_entrega_ecentoz.db_connect scheduled__2023-01-05T00:00:00+00:00 [queued]>
[2023-05-26 06:05:32,414] {taskinstance.py:1179} INFO - Dependencies all met for <TaskInstance: tercera_entrega_ecentoz.db_connect scheduled__2023-01-05T00:00:00+00:00 [queued]>
[2023-05-26 06:05:32,415] {taskinstance.py:1376} INFO - 
--------------------------------------------------------------------------------
[2023-05-26 06:05:32,416] {taskinstance.py:1377} INFO - Starting attempt 3 of 6
[2023-05-26 06:05:32,416] {taskinstance.py:1378} INFO - 
--------------------------------------------------------------------------------
[2023-05-26 06:05:32,435] {taskinstance.py:1397} INFO - Executing <Task(PythonOperator): db_connect> on 2023-01-05 00:00:00+00:00
[2023-05-26 06:05:32,442] {standard_task_runner.py:52} INFO - Started process 829 to run task
[2023-05-26 06:05:32,446] {standard_task_runner.py:79} INFO - Running: ['***', 'tasks', 'run', 'tercera_entrega_ecentoz', 'db_connect', 'scheduled__2023-01-05T00:00:00+00:00', '--job-id', '86', '--raw', '--subdir', 'DAGS_FOLDER/dag_tercera_entrega.py', '--cfg-path', '/tmp/tmp4t9rbgge', '--error-file', '/tmp/tmpwgnlj0yp']
[2023-05-26 06:05:32,448] {standard_task_runner.py:80} INFO - Job 86: Subtask db_connect
[2023-05-26 06:05:32,555] {task_command.py:371} INFO - Running <TaskInstance: tercera_entrega_ecentoz.db_connect scheduled__2023-01-05T00:00:00+00:00 [running]> on host f4aa0d8de4f3
[2023-05-26 06:05:32,714] {taskinstance.py:1591} INFO - Exporting the following env vars:
AIRFLOW_CTX_DAG_OWNER=ecentoz
AIRFLOW_CTX_DAG_ID=tercera_entrega_ecentoz
AIRFLOW_CTX_TASK_ID=db_connect
AIRFLOW_CTX_EXECUTION_DATE=2023-01-05T00:00:00+00:00
AIRFLOW_CTX_TRY_NUMBER=3
AIRFLOW_CTX_DAG_RUN_ID=scheduled__2023-01-05T00:00:00+00:00
[2023-05-26 06:05:51,428] {python.py:173} INFO - Done. Returned value was: None
[2023-05-26 06:05:51,441] {taskinstance.py:1420} INFO - Marking task as SUCCESS. dag_id=tercera_entrega_ecentoz, task_id=db_connect, execution_date=20230105T000000, start_date=20230526T060532, end_date=20230526T060551
[2023-05-26 06:05:51,484] {local_task_job.py:156} INFO - Task exited with return code 0
[2023-05-26 06:05:51,509] {local_task_job.py:273} INFO - 0 downstream tasks scheduled from follow-on schedule check
