[2023-05-26 06:13:44,739] {taskinstance.py:1179} INFO - Dependencies all met for <TaskInstance: tercera_entrega_ecentoz.db_connect scheduled__2023-03-31T00:00:00+00:00 [queued]>
[2023-05-26 06:13:44,750] {taskinstance.py:1179} INFO - Dependencies all met for <TaskInstance: tercera_entrega_ecentoz.db_connect scheduled__2023-03-31T00:00:00+00:00 [queued]>
[2023-05-26 06:13:44,751] {taskinstance.py:1376} INFO - 
--------------------------------------------------------------------------------
[2023-05-26 06:13:44,753] {taskinstance.py:1377} INFO - Starting attempt 1 of 6
[2023-05-26 06:13:44,754] {taskinstance.py:1378} INFO - 
--------------------------------------------------------------------------------
[2023-05-26 06:13:44,768] {taskinstance.py:1397} INFO - Executing <Task(PythonOperator): db_connect> on 2023-03-31 00:00:00+00:00
[2023-05-26 06:13:44,775] {standard_task_runner.py:52} INFO - Started process 1240 to run task
[2023-05-26 06:13:44,779] {standard_task_runner.py:79} INFO - Running: ['***', 'tasks', 'run', 'tercera_entrega_ecentoz', 'db_connect', 'scheduled__2023-03-31T00:00:00+00:00', '--job-id', '133', '--raw', '--subdir', 'DAGS_FOLDER/dag_tercera_entrega.py', '--cfg-path', '/tmp/tmpg98z4y4c', '--error-file', '/tmp/tmpfscct52c']
[2023-05-26 06:13:44,781] {standard_task_runner.py:80} INFO - Job 133: Subtask db_connect
[2023-05-26 06:13:44,849] {task_command.py:371} INFO - Running <TaskInstance: tercera_entrega_ecentoz.db_connect scheduled__2023-03-31T00:00:00+00:00 [running]> on host f4aa0d8de4f3
[2023-05-26 06:13:44,919] {taskinstance.py:1591} INFO - Exporting the following env vars:
AIRFLOW_CTX_DAG_OWNER=ecentoz
AIRFLOW_CTX_DAG_ID=tercera_entrega_ecentoz
AIRFLOW_CTX_TASK_ID=db_connect
AIRFLOW_CTX_EXECUTION_DATE=2023-03-31T00:00:00+00:00
AIRFLOW_CTX_TRY_NUMBER=1
AIRFLOW_CTX_DAG_RUN_ID=scheduled__2023-03-31T00:00:00+00:00
[2023-05-26 06:13:45,554] {logging_mixin.py:115} INFO - Se acabó la cuota de datos, revise el último df_final para decidir como continuar
[2023-05-26 06:13:53,364] {python.py:173} INFO - Done. Returned value was: None
[2023-05-26 06:13:53,381] {taskinstance.py:1420} INFO - Marking task as SUCCESS. dag_id=tercera_entrega_ecentoz, task_id=db_connect, execution_date=20230331T000000, start_date=20230526T061344, end_date=20230526T061353
[2023-05-26 06:13:53,413] {local_task_job.py:156} INFO - Task exited with return code 0
[2023-05-26 06:13:53,444] {local_task_job.py:273} INFO - 0 downstream tasks scheduled from follow-on schedule check
