[2023-05-26 06:20:28,632] {taskinstance.py:1179} INFO - Dependencies all met for <TaskInstance: tercera_entrega_ecentoz.db_connect scheduled__2023-01-03T00:00:00+00:00 [queued]>
[2023-05-26 06:20:28,645] {taskinstance.py:1179} INFO - Dependencies all met for <TaskInstance: tercera_entrega_ecentoz.db_connect scheduled__2023-01-03T00:00:00+00:00 [queued]>
[2023-05-26 06:20:28,646] {taskinstance.py:1376} INFO - 
--------------------------------------------------------------------------------
[2023-05-26 06:20:28,647] {taskinstance.py:1377} INFO - Starting attempt 6 of 6
[2023-05-26 06:20:28,647] {taskinstance.py:1378} INFO - 
--------------------------------------------------------------------------------
[2023-05-26 06:20:28,663] {taskinstance.py:1397} INFO - Executing <Task(PythonOperator): db_connect> on 2023-01-03 00:00:00+00:00
[2023-05-26 06:20:28,670] {standard_task_runner.py:52} INFO - Started process 1647 to run task
[2023-05-26 06:20:28,673] {standard_task_runner.py:79} INFO - Running: ['***', 'tasks', 'run', 'tercera_entrega_ecentoz', 'db_connect', 'scheduled__2023-01-03T00:00:00+00:00', '--job-id', '191', '--raw', '--subdir', 'DAGS_FOLDER/dag_tercera_entrega.py', '--cfg-path', '/tmp/tmpzig_6ho7', '--error-file', '/tmp/tmp__4kiycr']
[2023-05-26 06:20:28,675] {standard_task_runner.py:80} INFO - Job 191: Subtask db_connect
[2023-05-26 06:20:28,757] {task_command.py:371} INFO - Running <TaskInstance: tercera_entrega_ecentoz.db_connect scheduled__2023-01-03T00:00:00+00:00 [running]> on host f4aa0d8de4f3
[2023-05-26 06:20:28,847] {taskinstance.py:1591} INFO - Exporting the following env vars:
AIRFLOW_CTX_DAG_OWNER=ecentoz
AIRFLOW_CTX_DAG_ID=tercera_entrega_ecentoz
AIRFLOW_CTX_TASK_ID=db_connect
AIRFLOW_CTX_EXECUTION_DATE=2023-01-03T00:00:00+00:00
AIRFLOW_CTX_TRY_NUMBER=6
AIRFLOW_CTX_DAG_RUN_ID=scheduled__2023-01-03T00:00:00+00:00
[2023-05-26 06:20:29,362] {logging_mixin.py:115} INFO - Se acabó la cuota de datos, revise el último df_final para decidir como continuar
[2023-05-26 06:20:37,846] {python.py:173} INFO - Done. Returned value was: None
[2023-05-26 06:20:37,892] {taskinstance.py:1420} INFO - Marking task as SUCCESS. dag_id=tercera_entrega_ecentoz, task_id=db_connect, execution_date=20230103T000000, start_date=20230526T062028, end_date=20230526T062037
[2023-05-26 06:20:37,944] {local_task_job.py:156} INFO - Task exited with return code 0
[2023-05-26 06:20:38,069] {local_task_job.py:273} INFO - 0 downstream tasks scheduled from follow-on schedule check
