[2023-06-12 02:16:42,211] {taskinstance.py:1179} INFO - Dependencies all met for <TaskInstance: tercera_entrega_ecentoz.db_connect manual__2023-06-12T02:11:37.283741+00:00 [queued]>
[2023-06-12 02:16:42,226] {taskinstance.py:1179} INFO - Dependencies all met for <TaskInstance: tercera_entrega_ecentoz.db_connect manual__2023-06-12T02:11:37.283741+00:00 [queued]>
[2023-06-12 02:16:42,227] {taskinstance.py:1376} INFO - 
--------------------------------------------------------------------------------
[2023-06-12 02:16:42,227] {taskinstance.py:1377} INFO - Starting attempt 2 of 6
[2023-06-12 02:16:42,228] {taskinstance.py:1378} INFO - 
--------------------------------------------------------------------------------
[2023-06-12 02:16:42,249] {taskinstance.py:1397} INFO - Executing <Task(PythonOperator): db_connect> on 2023-06-12 02:11:37.283741+00:00
[2023-06-12 02:16:42,258] {standard_task_runner.py:52} INFO - Started process 246 to run task
[2023-06-12 02:16:42,258] {standard_task_runner.py:79} INFO - Running: ['***', 'tasks', 'run', 'tercera_entrega_ecentoz', 'db_connect', 'manual__2023-06-12T02:11:37.283741+00:00', '--job-id', '393', '--raw', '--subdir', 'DAGS_FOLDER/dag_tercera_entrega.py', '--cfg-path', '/tmp/tmpyna9ywym', '--error-file', '/tmp/tmpn55je6ge']
[2023-06-12 02:16:42,273] {standard_task_runner.py:80} INFO - Job 393: Subtask db_connect
[2023-06-12 02:16:42,551] {task_command.py:371} INFO - Running <TaskInstance: tercera_entrega_ecentoz.db_connect manual__2023-06-12T02:11:37.283741+00:00 [running]> on host 833a7834a9bc
[2023-06-12 02:16:42,816] {taskinstance.py:1591} INFO - Exporting the following env vars:
AIRFLOW_CTX_DAG_OWNER=ecentoz
AIRFLOW_CTX_DAG_ID=tercera_entrega_ecentoz
AIRFLOW_CTX_TASK_ID=db_connect
AIRFLOW_CTX_EXECUTION_DATE=2023-06-12T02:11:37.283741+00:00
AIRFLOW_CTX_TRY_NUMBER=2
AIRFLOW_CTX_DAG_RUN_ID=manual__2023-06-12T02:11:37.283741+00:00
[2023-06-12 02:17:10,853] {python.py:173} INFO - Done. Returned value was: None
[2023-06-12 02:17:10,865] {taskinstance.py:1420} INFO - Marking task as SUCCESS. dag_id=tercera_entrega_ecentoz, task_id=db_connect, execution_date=20230612T021137, start_date=20230612T021642, end_date=20230612T021710
[2023-06-12 02:17:10,908] {local_task_job.py:156} INFO - Task exited with return code 0
[2023-06-12 02:17:10,934] {local_task_job.py:273} INFO - 0 downstream tasks scheduled from follow-on schedule check
