[2023-05-26 06:03:10,364] {taskinstance.py:1179} INFO - Dependencies all met for <TaskInstance: tercera_entrega_ecentoz.db_connect scheduled__2023-02-20T00:00:00+00:00 [queued]>
[2023-05-26 06:03:10,372] {taskinstance.py:1179} INFO - Dependencies all met for <TaskInstance: tercera_entrega_ecentoz.db_connect scheduled__2023-02-20T00:00:00+00:00 [queued]>
[2023-05-26 06:03:10,373] {taskinstance.py:1376} INFO - 
--------------------------------------------------------------------------------
[2023-05-26 06:03:10,375] {taskinstance.py:1377} INFO - Starting attempt 1 of 6
[2023-05-26 06:03:10,376] {taskinstance.py:1378} INFO - 
--------------------------------------------------------------------------------
[2023-05-26 06:03:10,390] {taskinstance.py:1397} INFO - Executing <Task(PythonOperator): db_connect> on 2023-02-20 00:00:00+00:00
[2023-05-26 06:03:10,396] {standard_task_runner.py:52} INFO - Started process 679 to run task
[2023-05-26 06:03:10,400] {standard_task_runner.py:79} INFO - Running: ['***', 'tasks', 'run', 'tercera_entrega_ecentoz', 'db_connect', 'scheduled__2023-02-20T00:00:00+00:00', '--job-id', '66', '--raw', '--subdir', 'DAGS_FOLDER/dag_tercera_entrega.py', '--cfg-path', '/tmp/tmprvl4ir5k', '--error-file', '/tmp/tmpscna9o7w']
[2023-05-26 06:03:10,401] {standard_task_runner.py:80} INFO - Job 66: Subtask db_connect
[2023-05-26 06:03:10,464] {task_command.py:371} INFO - Running <TaskInstance: tercera_entrega_ecentoz.db_connect scheduled__2023-02-20T00:00:00+00:00 [running]> on host f4aa0d8de4f3
[2023-05-26 06:03:10,529] {taskinstance.py:1591} INFO - Exporting the following env vars:
AIRFLOW_CTX_DAG_OWNER=ecentoz
AIRFLOW_CTX_DAG_ID=tercera_entrega_ecentoz
AIRFLOW_CTX_TASK_ID=db_connect
AIRFLOW_CTX_EXECUTION_DATE=2023-02-20T00:00:00+00:00
AIRFLOW_CTX_TRY_NUMBER=1
AIRFLOW_CTX_DAG_RUN_ID=scheduled__2023-02-20T00:00:00+00:00
[2023-05-26 06:03:37,683] {python.py:173} INFO - Done. Returned value was: None
[2023-05-26 06:03:37,700] {taskinstance.py:1420} INFO - Marking task as SUCCESS. dag_id=tercera_entrega_ecentoz, task_id=db_connect, execution_date=20230220T000000, start_date=20230526T060310, end_date=20230526T060337
[2023-05-26 06:03:37,743] {local_task_job.py:156} INFO - Task exited with return code 0
[2023-05-26 06:03:37,774] {local_task_job.py:273} INFO - 0 downstream tasks scheduled from follow-on schedule check
