[2023-06-12 02:16:29,841] {taskinstance.py:1179} INFO - Dependencies all met for <TaskInstance: tercera_entrega_ecentoz.db_connect manual__2023-06-12T01:59:16.004977+00:00 [queued]>
[2023-06-12 02:16:29,852] {taskinstance.py:1179} INFO - Dependencies all met for <TaskInstance: tercera_entrega_ecentoz.db_connect manual__2023-06-12T01:59:16.004977+00:00 [queued]>
[2023-06-12 02:16:29,853] {taskinstance.py:1376} INFO - 
--------------------------------------------------------------------------------
[2023-06-12 02:16:29,854] {taskinstance.py:1377} INFO - Starting attempt 3 of 6
[2023-06-12 02:16:29,854] {taskinstance.py:1378} INFO - 
--------------------------------------------------------------------------------
[2023-06-12 02:16:29,872] {taskinstance.py:1397} INFO - Executing <Task(PythonOperator): db_connect> on 2023-06-12 01:59:16.004977+00:00
[2023-06-12 02:16:29,879] {standard_task_runner.py:52} INFO - Started process 236 to run task
[2023-06-12 02:16:29,882] {standard_task_runner.py:79} INFO - Running: ['***', 'tasks', 'run', 'tercera_entrega_ecentoz', 'db_connect', 'manual__2023-06-12T01:59:16.004977+00:00', '--job-id', '390', '--raw', '--subdir', 'DAGS_FOLDER/dag_tercera_entrega.py', '--cfg-path', '/tmp/tmpwerp6eqj', '--error-file', '/tmp/tmpe5fyu5hc']
[2023-06-12 02:16:29,883] {standard_task_runner.py:80} INFO - Job 390: Subtask db_connect
[2023-06-12 02:16:29,961] {task_command.py:371} INFO - Running <TaskInstance: tercera_entrega_ecentoz.db_connect manual__2023-06-12T01:59:16.004977+00:00 [running]> on host 833a7834a9bc
[2023-06-12 02:16:30,045] {taskinstance.py:1591} INFO - Exporting the following env vars:
AIRFLOW_CTX_DAG_OWNER=ecentoz
AIRFLOW_CTX_DAG_ID=tercera_entrega_ecentoz
AIRFLOW_CTX_TASK_ID=db_connect
AIRFLOW_CTX_EXECUTION_DATE=2023-06-12T01:59:16.004977+00:00
AIRFLOW_CTX_TRY_NUMBER=3
AIRFLOW_CTX_DAG_RUN_ID=manual__2023-06-12T01:59:16.004977+00:00
[2023-06-12 02:16:52,479] {python.py:173} INFO - Done. Returned value was: None
[2023-06-12 02:16:52,493] {taskinstance.py:1420} INFO - Marking task as SUCCESS. dag_id=tercera_entrega_ecentoz, task_id=db_connect, execution_date=20230612T015916, start_date=20230612T021629, end_date=20230612T021652
[2023-06-12 02:16:52,547] {local_task_job.py:156} INFO - Task exited with return code 0
[2023-06-12 02:16:52,575] {local_task_job.py:273} INFO - 0 downstream tasks scheduled from follow-on schedule check
