[2023-05-26 06:20:26,878] {taskinstance.py:1179} INFO - Dependencies all met for <TaskInstance: tercera_entrega_ecentoz.db_connect scheduled__2023-05-08T00:00:00+00:00 [queued]>
[2023-05-26 06:20:26,887] {taskinstance.py:1179} INFO - Dependencies all met for <TaskInstance: tercera_entrega_ecentoz.db_connect scheduled__2023-05-08T00:00:00+00:00 [queued]>
[2023-05-26 06:20:26,888] {taskinstance.py:1376} INFO - 
--------------------------------------------------------------------------------
[2023-05-26 06:20:26,889] {taskinstance.py:1377} INFO - Starting attempt 1 of 6
[2023-05-26 06:20:26,890] {taskinstance.py:1378} INFO - 
--------------------------------------------------------------------------------
[2023-05-26 06:20:26,903] {taskinstance.py:1397} INFO - Executing <Task(PythonOperator): db_connect> on 2023-05-08 00:00:00+00:00
[2023-05-26 06:20:26,908] {standard_task_runner.py:52} INFO - Started process 1636 to run task
[2023-05-26 06:20:26,911] {standard_task_runner.py:79} INFO - Running: ['***', 'tasks', 'run', 'tercera_entrega_ecentoz', 'db_connect', 'scheduled__2023-05-08T00:00:00+00:00', '--job-id', '187', '--raw', '--subdir', 'DAGS_FOLDER/dag_tercera_entrega.py', '--cfg-path', '/tmp/tmpso__oau9', '--error-file', '/tmp/tmpt0l_0wt_']
[2023-05-26 06:20:26,913] {standard_task_runner.py:80} INFO - Job 187: Subtask db_connect
[2023-05-26 06:20:26,979] {task_command.py:371} INFO - Running <TaskInstance: tercera_entrega_ecentoz.db_connect scheduled__2023-05-08T00:00:00+00:00 [running]> on host f4aa0d8de4f3
[2023-05-26 06:20:27,057] {taskinstance.py:1591} INFO - Exporting the following env vars:
AIRFLOW_CTX_DAG_OWNER=ecentoz
AIRFLOW_CTX_DAG_ID=tercera_entrega_ecentoz
AIRFLOW_CTX_TASK_ID=db_connect
AIRFLOW_CTX_EXECUTION_DATE=2023-05-08T00:00:00+00:00
AIRFLOW_CTX_TRY_NUMBER=1
AIRFLOW_CTX_DAG_RUN_ID=scheduled__2023-05-08T00:00:00+00:00
[2023-05-26 06:20:27,721] {logging_mixin.py:115} INFO - Se acabó la cuota de datos, revise el último df_final para decidir como continuar
[2023-05-26 06:20:36,234] {python.py:173} INFO - Done. Returned value was: None
[2023-05-26 06:20:36,248] {taskinstance.py:1420} INFO - Marking task as SUCCESS. dag_id=tercera_entrega_ecentoz, task_id=db_connect, execution_date=20230508T000000, start_date=20230526T062026, end_date=20230526T062036
[2023-05-26 06:20:36,275] {local_task_job.py:156} INFO - Task exited with return code 0
[2023-05-26 06:20:36,305] {local_task_job.py:273} INFO - 0 downstream tasks scheduled from follow-on schedule check
