[2023-05-26 06:09:49,846] {taskinstance.py:1179} INFO - Dependencies all met for <TaskInstance: tercera_entrega_ecentoz.db_connect scheduled__2023-03-21T00:00:00+00:00 [queued]>
[2023-05-26 06:09:49,854] {taskinstance.py:1179} INFO - Dependencies all met for <TaskInstance: tercera_entrega_ecentoz.db_connect scheduled__2023-03-21T00:00:00+00:00 [queued]>
[2023-05-26 06:09:49,855] {taskinstance.py:1376} INFO - 
--------------------------------------------------------------------------------
[2023-05-26 06:09:49,856] {taskinstance.py:1377} INFO - Starting attempt 1 of 6
[2023-05-26 06:09:49,857] {taskinstance.py:1378} INFO - 
--------------------------------------------------------------------------------
[2023-05-26 06:09:49,870] {taskinstance.py:1397} INFO - Executing <Task(PythonOperator): db_connect> on 2023-03-21 00:00:00+00:00
[2023-05-26 06:09:49,876] {standard_task_runner.py:52} INFO - Started process 1036 to run task
[2023-05-26 06:09:49,879] {standard_task_runner.py:79} INFO - Running: ['***', 'tasks', 'run', 'tercera_entrega_ecentoz', 'db_connect', 'scheduled__2023-03-21T00:00:00+00:00', '--job-id', '109', '--raw', '--subdir', 'DAGS_FOLDER/dag_tercera_entrega.py', '--cfg-path', '/tmp/tmpf8u3_d1b', '--error-file', '/tmp/tmpymc6qebj']
[2023-05-26 06:09:49,880] {standard_task_runner.py:80} INFO - Job 109: Subtask db_connect
[2023-05-26 06:09:49,944] {task_command.py:371} INFO - Running <TaskInstance: tercera_entrega_ecentoz.db_connect scheduled__2023-03-21T00:00:00+00:00 [running]> on host f4aa0d8de4f3
[2023-05-26 06:09:50,010] {taskinstance.py:1591} INFO - Exporting the following env vars:
AIRFLOW_CTX_DAG_OWNER=ecentoz
AIRFLOW_CTX_DAG_ID=tercera_entrega_ecentoz
AIRFLOW_CTX_TASK_ID=db_connect
AIRFLOW_CTX_EXECUTION_DATE=2023-03-21T00:00:00+00:00
AIRFLOW_CTX_TRY_NUMBER=1
AIRFLOW_CTX_DAG_RUN_ID=scheduled__2023-03-21T00:00:00+00:00
[2023-05-26 06:09:50,667] {logging_mixin.py:115} INFO - Se acabó la cuota de datos, revise el último df_final para decidir como continuar
[2023-05-26 06:09:58,543] {python.py:173} INFO - Done. Returned value was: None
[2023-05-26 06:09:58,556] {taskinstance.py:1420} INFO - Marking task as SUCCESS. dag_id=tercera_entrega_ecentoz, task_id=db_connect, execution_date=20230321T000000, start_date=20230526T060949, end_date=20230526T060958
[2023-05-26 06:09:58,593] {local_task_job.py:156} INFO - Task exited with return code 0
[2023-05-26 06:09:58,614] {local_task_job.py:273} INFO - 0 downstream tasks scheduled from follow-on schedule check
