[2023-05-26 06:14:12,295] {taskinstance.py:1179} INFO - Dependencies all met for <TaskInstance: tercera_entrega_ecentoz.db_connect scheduled__2023-03-17T00:00:00+00:00 [queued]>
[2023-05-26 06:14:12,307] {taskinstance.py:1179} INFO - Dependencies all met for <TaskInstance: tercera_entrega_ecentoz.db_connect scheduled__2023-03-17T00:00:00+00:00 [queued]>
[2023-05-26 06:14:12,308] {taskinstance.py:1376} INFO - 
--------------------------------------------------------------------------------
[2023-05-26 06:14:12,310] {taskinstance.py:1377} INFO - Starting attempt 2 of 6
[2023-05-26 06:14:12,311] {taskinstance.py:1378} INFO - 
--------------------------------------------------------------------------------
[2023-05-26 06:14:12,326] {taskinstance.py:1397} INFO - Executing <Task(PythonOperator): db_connect> on 2023-03-17 00:00:00+00:00
[2023-05-26 06:14:12,332] {standard_task_runner.py:52} INFO - Started process 1267 to run task
[2023-05-26 06:14:12,335] {standard_task_runner.py:79} INFO - Running: ['***', 'tasks', 'run', 'tercera_entrega_ecentoz', 'db_connect', 'scheduled__2023-03-17T00:00:00+00:00', '--job-id', '136', '--raw', '--subdir', 'DAGS_FOLDER/dag_tercera_entrega.py', '--cfg-path', '/tmp/tmpllf4x41j', '--error-file', '/tmp/tmp456gny7y']
[2023-05-26 06:14:12,337] {standard_task_runner.py:80} INFO - Job 136: Subtask db_connect
[2023-05-26 06:14:12,406] {task_command.py:371} INFO - Running <TaskInstance: tercera_entrega_ecentoz.db_connect scheduled__2023-03-17T00:00:00+00:00 [running]> on host f4aa0d8de4f3
[2023-05-26 06:14:12,476] {taskinstance.py:1591} INFO - Exporting the following env vars:
AIRFLOW_CTX_DAG_OWNER=ecentoz
AIRFLOW_CTX_DAG_ID=tercera_entrega_ecentoz
AIRFLOW_CTX_TASK_ID=db_connect
AIRFLOW_CTX_EXECUTION_DATE=2023-03-17T00:00:00+00:00
AIRFLOW_CTX_TRY_NUMBER=2
AIRFLOW_CTX_DAG_RUN_ID=scheduled__2023-03-17T00:00:00+00:00
[2023-05-26 06:14:13,206] {logging_mixin.py:115} INFO - Se acabó la cuota de datos, revise el último df_final para decidir como continuar
[2023-05-26 06:14:20,873] {python.py:173} INFO - Done. Returned value was: None
[2023-05-26 06:14:20,924] {taskinstance.py:1420} INFO - Marking task as SUCCESS. dag_id=tercera_entrega_ecentoz, task_id=db_connect, execution_date=20230317T000000, start_date=20230526T061412, end_date=20230526T061420
[2023-05-26 06:14:20,964] {local_task_job.py:156} INFO - Task exited with return code 0
[2023-05-26 06:14:20,987] {local_task_job.py:273} INFO - 0 downstream tasks scheduled from follow-on schedule check
