[2023-05-26 06:07:42,953] {taskinstance.py:1179} INFO - Dependencies all met for <TaskInstance: tercera_entrega_ecentoz.db_connect scheduled__2023-03-10T00:00:00+00:00 [queued]>
[2023-05-26 06:07:42,963] {taskinstance.py:1179} INFO - Dependencies all met for <TaskInstance: tercera_entrega_ecentoz.db_connect scheduled__2023-03-10T00:00:00+00:00 [queued]>
[2023-05-26 06:07:42,964] {taskinstance.py:1376} INFO - 
--------------------------------------------------------------------------------
[2023-05-26 06:07:42,966] {taskinstance.py:1377} INFO - Starting attempt 1 of 6
[2023-05-26 06:07:42,967] {taskinstance.py:1378} INFO - 
--------------------------------------------------------------------------------
[2023-05-26 06:07:42,981] {taskinstance.py:1397} INFO - Executing <Task(PythonOperator): db_connect> on 2023-03-10 00:00:00+00:00
[2023-05-26 06:07:42,988] {standard_task_runner.py:52} INFO - Started process 931 to run task
[2023-05-26 06:07:42,991] {standard_task_runner.py:79} INFO - Running: ['***', 'tasks', 'run', 'tercera_entrega_ecentoz', 'db_connect', 'scheduled__2023-03-10T00:00:00+00:00', '--job-id', '98', '--raw', '--subdir', 'DAGS_FOLDER/dag_tercera_entrega.py', '--cfg-path', '/tmp/tmproxvadxa', '--error-file', '/tmp/tmp7x28lh4q']
[2023-05-26 06:07:42,992] {standard_task_runner.py:80} INFO - Job 98: Subtask db_connect
[2023-05-26 06:07:43,051] {task_command.py:371} INFO - Running <TaskInstance: tercera_entrega_ecentoz.db_connect scheduled__2023-03-10T00:00:00+00:00 [running]> on host f4aa0d8de4f3
[2023-05-26 06:07:43,120] {taskinstance.py:1591} INFO - Exporting the following env vars:
AIRFLOW_CTX_DAG_OWNER=ecentoz
AIRFLOW_CTX_DAG_ID=tercera_entrega_ecentoz
AIRFLOW_CTX_TASK_ID=db_connect
AIRFLOW_CTX_EXECUTION_DATE=2023-03-10T00:00:00+00:00
AIRFLOW_CTX_TRY_NUMBER=1
AIRFLOW_CTX_DAG_RUN_ID=scheduled__2023-03-10T00:00:00+00:00
[2023-05-26 06:08:05,142] {python.py:173} INFO - Done. Returned value was: None
[2023-05-26 06:08:05,153] {taskinstance.py:1420} INFO - Marking task as SUCCESS. dag_id=tercera_entrega_ecentoz, task_id=db_connect, execution_date=20230310T000000, start_date=20230526T060742, end_date=20230526T060805
[2023-05-26 06:08:05,191] {local_task_job.py:156} INFO - Task exited with return code 0
[2023-05-26 06:08:05,215] {local_task_job.py:273} INFO - 0 downstream tasks scheduled from follow-on schedule check
