[2023-05-26 06:20:38,502] {taskinstance.py:1179} INFO - Dependencies all met for <TaskInstance: tercera_entrega_ecentoz.db_connect scheduled__2023-05-09T00:00:00+00:00 [queued]>
[2023-05-26 06:20:38,512] {taskinstance.py:1179} INFO - Dependencies all met for <TaskInstance: tercera_entrega_ecentoz.db_connect scheduled__2023-05-09T00:00:00+00:00 [queued]>
[2023-05-26 06:20:38,513] {taskinstance.py:1376} INFO - 
--------------------------------------------------------------------------------
[2023-05-26 06:20:38,514] {taskinstance.py:1377} INFO - Starting attempt 1 of 6
[2023-05-26 06:20:38,515] {taskinstance.py:1378} INFO - 
--------------------------------------------------------------------------------
[2023-05-26 06:20:38,530] {taskinstance.py:1397} INFO - Executing <Task(PythonOperator): db_connect> on 2023-05-09 00:00:00+00:00
[2023-05-26 06:20:38,536] {standard_task_runner.py:52} INFO - Started process 1657 to run task
[2023-05-26 06:20:38,539] {standard_task_runner.py:79} INFO - Running: ['***', 'tasks', 'run', 'tercera_entrega_ecentoz', 'db_connect', 'scheduled__2023-05-09T00:00:00+00:00', '--job-id', '192', '--raw', '--subdir', 'DAGS_FOLDER/dag_tercera_entrega.py', '--cfg-path', '/tmp/tmps5k613_l', '--error-file', '/tmp/tmppa26ho4l']
[2023-05-26 06:20:38,541] {standard_task_runner.py:80} INFO - Job 192: Subtask db_connect
[2023-05-26 06:20:38,606] {task_command.py:371} INFO - Running <TaskInstance: tercera_entrega_ecentoz.db_connect scheduled__2023-05-09T00:00:00+00:00 [running]> on host f4aa0d8de4f3
[2023-05-26 06:20:38,686] {taskinstance.py:1591} INFO - Exporting the following env vars:
AIRFLOW_CTX_DAG_OWNER=ecentoz
AIRFLOW_CTX_DAG_ID=tercera_entrega_ecentoz
AIRFLOW_CTX_TASK_ID=db_connect
AIRFLOW_CTX_EXECUTION_DATE=2023-05-09T00:00:00+00:00
AIRFLOW_CTX_TRY_NUMBER=1
AIRFLOW_CTX_DAG_RUN_ID=scheduled__2023-05-09T00:00:00+00:00
[2023-05-26 06:20:39,214] {logging_mixin.py:115} INFO - Se acabó la cuota de datos, revise el último df_final para decidir como continuar
[2023-05-26 06:20:47,145] {python.py:173} INFO - Done. Returned value was: None
[2023-05-26 06:20:47,158] {taskinstance.py:1420} INFO - Marking task as SUCCESS. dag_id=tercera_entrega_ecentoz, task_id=db_connect, execution_date=20230509T000000, start_date=20230526T062038, end_date=20230526T062047
[2023-05-26 06:20:47,215] {local_task_job.py:156} INFO - Task exited with return code 0
[2023-05-26 06:20:47,284] {local_task_job.py:273} INFO - 0 downstream tasks scheduled from follow-on schedule check
