[2023-05-26 06:25:38,270] {taskinstance.py:1179} INFO - Dependencies all met for <TaskInstance: tercera_entrega_ecentoz.db_connect scheduled__2023-03-23T00:00:00+00:00 [queued]>
[2023-05-26 06:25:38,283] {taskinstance.py:1179} INFO - Dependencies all met for <TaskInstance: tercera_entrega_ecentoz.db_connect scheduled__2023-03-23T00:00:00+00:00 [queued]>
[2023-05-26 06:25:38,284] {taskinstance.py:1376} INFO - 
--------------------------------------------------------------------------------
[2023-05-26 06:25:38,288] {taskinstance.py:1377} INFO - Starting attempt 4 of 6
[2023-05-26 06:25:38,288] {taskinstance.py:1378} INFO - 
--------------------------------------------------------------------------------
[2023-05-26 06:25:38,304] {taskinstance.py:1397} INFO - Executing <Task(PythonOperator): db_connect> on 2023-03-23 00:00:00+00:00
[2023-05-26 06:25:38,314] {standard_task_runner.py:52} INFO - Started process 1911 to run task
[2023-05-26 06:25:38,318] {standard_task_runner.py:79} INFO - Running: ['***', 'tasks', 'run', 'tercera_entrega_ecentoz', 'db_connect', 'scheduled__2023-03-23T00:00:00+00:00', '--job-id', '220', '--raw', '--subdir', 'DAGS_FOLDER/dag_tercera_entrega.py', '--cfg-path', '/tmp/tmpdqtwi0xr', '--error-file', '/tmp/tmpeguxgsy5']
[2023-05-26 06:25:38,320] {standard_task_runner.py:80} INFO - Job 220: Subtask db_connect
[2023-05-26 06:25:38,390] {task_command.py:371} INFO - Running <TaskInstance: tercera_entrega_ecentoz.db_connect scheduled__2023-03-23T00:00:00+00:00 [running]> on host f4aa0d8de4f3
[2023-05-26 06:25:38,466] {taskinstance.py:1591} INFO - Exporting the following env vars:
AIRFLOW_CTX_DAG_OWNER=ecentoz
AIRFLOW_CTX_DAG_ID=tercera_entrega_ecentoz
AIRFLOW_CTX_TASK_ID=db_connect
AIRFLOW_CTX_EXECUTION_DATE=2023-03-23T00:00:00+00:00
AIRFLOW_CTX_TRY_NUMBER=4
AIRFLOW_CTX_DAG_RUN_ID=scheduled__2023-03-23T00:00:00+00:00
[2023-05-26 06:25:39,459] {logging_mixin.py:115} INFO - Se acabó la cuota de datos, revise el último df_final para decidir como continuar
[2023-05-26 06:25:48,612] {python.py:173} INFO - Done. Returned value was: None
[2023-05-26 06:25:48,625] {taskinstance.py:1420} INFO - Marking task as SUCCESS. dag_id=tercera_entrega_ecentoz, task_id=db_connect, execution_date=20230323T000000, start_date=20230526T062538, end_date=20230526T062548
[2023-05-26 06:25:48,663] {local_task_job.py:156} INFO - Task exited with return code 0
[2023-05-26 06:25:48,692] {local_task_job.py:273} INFO - 0 downstream tasks scheduled from follow-on schedule check
