[2023-05-26 05:59:17,388] {taskinstance.py:1179} INFO - Dependencies all met for <TaskInstance: tercera_entrega_ecentoz.db_connect scheduled__2023-02-02T00:00:00+00:00 [queued]>
[2023-05-26 05:59:17,402] {taskinstance.py:1179} INFO - Dependencies all met for <TaskInstance: tercera_entrega_ecentoz.db_connect scheduled__2023-02-02T00:00:00+00:00 [queued]>
[2023-05-26 05:59:17,403] {taskinstance.py:1376} INFO - 
--------------------------------------------------------------------------------
[2023-05-26 05:59:17,404] {taskinstance.py:1377} INFO - Starting attempt 1 of 6
[2023-05-26 05:59:17,405] {taskinstance.py:1378} INFO - 
--------------------------------------------------------------------------------
[2023-05-26 05:59:17,420] {taskinstance.py:1397} INFO - Executing <Task(PythonOperator): db_connect> on 2023-02-02 00:00:00+00:00
[2023-05-26 05:59:17,426] {standard_task_runner.py:52} INFO - Started process 451 to run task
[2023-05-26 05:59:17,429] {standard_task_runner.py:79} INFO - Running: ['***', 'tasks', 'run', 'tercera_entrega_ecentoz', 'db_connect', 'scheduled__2023-02-02T00:00:00+00:00', '--job-id', '34', '--raw', '--subdir', 'DAGS_FOLDER/dag_tercera_entrega.py', '--cfg-path', '/tmp/tmptfcs_f8b', '--error-file', '/tmp/tmpgu34v3df']
[2023-05-26 05:59:17,431] {standard_task_runner.py:80} INFO - Job 34: Subtask db_connect
[2023-05-26 05:59:17,501] {task_command.py:371} INFO - Running <TaskInstance: tercera_entrega_ecentoz.db_connect scheduled__2023-02-02T00:00:00+00:00 [running]> on host f4aa0d8de4f3
[2023-05-26 05:59:17,582] {taskinstance.py:1591} INFO - Exporting the following env vars:
AIRFLOW_CTX_DAG_OWNER=ecentoz
AIRFLOW_CTX_DAG_ID=tercera_entrega_ecentoz
AIRFLOW_CTX_TASK_ID=db_connect
AIRFLOW_CTX_EXECUTION_DATE=2023-02-02T00:00:00+00:00
AIRFLOW_CTX_TRY_NUMBER=1
AIRFLOW_CTX_DAG_RUN_ID=scheduled__2023-02-02T00:00:00+00:00
[2023-05-26 05:59:38,065] {python.py:173} INFO - Done. Returned value was: None
[2023-05-26 05:59:38,079] {taskinstance.py:1420} INFO - Marking task as SUCCESS. dag_id=tercera_entrega_ecentoz, task_id=db_connect, execution_date=20230202T000000, start_date=20230526T055917, end_date=20230526T055938
[2023-05-26 05:59:38,140] {local_task_job.py:156} INFO - Task exited with return code 0
[2023-05-26 05:59:38,169] {local_task_job.py:273} INFO - 0 downstream tasks scheduled from follow-on schedule check
