[2023-06-12 02:51:16,889] {taskinstance.py:1179} INFO - Dependencies all met for <TaskInstance: tercera_entrega_ecentoz.db_connect manual__2023-06-12T02:51:15.298110+00:00 [queued]>
[2023-06-12 02:51:16,899] {taskinstance.py:1179} INFO - Dependencies all met for <TaskInstance: tercera_entrega_ecentoz.db_connect manual__2023-06-12T02:51:15.298110+00:00 [queued]>
[2023-06-12 02:51:16,900] {taskinstance.py:1376} INFO - 
--------------------------------------------------------------------------------
[2023-06-12 02:51:16,901] {taskinstance.py:1377} INFO - Starting attempt 1 of 6
[2023-06-12 02:51:16,901] {taskinstance.py:1378} INFO - 
--------------------------------------------------------------------------------
[2023-06-12 02:51:16,914] {taskinstance.py:1397} INFO - Executing <Task(PythonOperator): db_connect> on 2023-06-12 02:51:15.298110+00:00
[2023-06-12 02:51:16,918] {standard_task_runner.py:52} INFO - Started process 205 to run task
[2023-06-12 02:51:16,921] {standard_task_runner.py:79} INFO - Running: ['***', 'tasks', 'run', 'tercera_entrega_ecentoz', 'db_connect', 'manual__2023-06-12T02:51:15.298110+00:00', '--job-id', '397', '--raw', '--subdir', 'DAGS_FOLDER/dag_tercera_entrega.py', '--cfg-path', '/tmp/tmpfv5unc65', '--error-file', '/tmp/tmp541rc1ot']
[2023-06-12 02:51:16,922] {standard_task_runner.py:80} INFO - Job 397: Subtask db_connect
[2023-06-12 02:51:16,984] {task_command.py:371} INFO - Running <TaskInstance: tercera_entrega_ecentoz.db_connect manual__2023-06-12T02:51:15.298110+00:00 [running]> on host 833a7834a9bc
[2023-06-12 02:51:17,053] {taskinstance.py:1591} INFO - Exporting the following env vars:
AIRFLOW_CTX_DAG_OWNER=ecentoz
AIRFLOW_CTX_DAG_ID=tercera_entrega_ecentoz
AIRFLOW_CTX_TASK_ID=db_connect
AIRFLOW_CTX_EXECUTION_DATE=2023-06-12T02:51:15.298110+00:00
AIRFLOW_CTX_TRY_NUMBER=1
AIRFLOW_CTX_DAG_RUN_ID=manual__2023-06-12T02:51:15.298110+00:00
[2023-06-12 02:53:26,469] {python.py:173} INFO - Done. Returned value was: None
[2023-06-12 02:53:26,491] {taskinstance.py:1420} INFO - Marking task as SUCCESS. dag_id=tercera_entrega_ecentoz, task_id=db_connect, execution_date=20230612T025115, start_date=20230612T025116, end_date=20230612T025326
[2023-06-12 02:53:26,520] {local_task_job.py:156} INFO - Task exited with return code 0
[2023-06-12 02:53:26,568] {local_task_job.py:273} INFO - 0 downstream tasks scheduled from follow-on schedule check
