[2023-05-26 06:00:07,274] {taskinstance.py:1179} INFO - Dependencies all met for <TaskInstance: tercera_entrega_ecentoz.db_connect scheduled__2023-02-06T00:00:00+00:00 [queued]>
[2023-05-26 06:00:07,282] {taskinstance.py:1179} INFO - Dependencies all met for <TaskInstance: tercera_entrega_ecentoz.db_connect scheduled__2023-02-06T00:00:00+00:00 [queued]>
[2023-05-26 06:00:07,283] {taskinstance.py:1376} INFO - 
--------------------------------------------------------------------------------
[2023-05-26 06:00:07,284] {taskinstance.py:1377} INFO - Starting attempt 1 of 6
[2023-05-26 06:00:07,284] {taskinstance.py:1378} INFO - 
--------------------------------------------------------------------------------
[2023-05-26 06:00:07,297] {taskinstance.py:1397} INFO - Executing <Task(PythonOperator): db_connect> on 2023-02-06 00:00:00+00:00
[2023-05-26 06:00:07,305] {standard_task_runner.py:52} INFO - Started process 508 to run task
[2023-05-26 06:00:07,308] {standard_task_runner.py:79} INFO - Running: ['***', 'tasks', 'run', 'tercera_entrega_ecentoz', 'db_connect', 'scheduled__2023-02-06T00:00:00+00:00', '--job-id', '43', '--raw', '--subdir', 'DAGS_FOLDER/dag_tercera_entrega.py', '--cfg-path', '/tmp/tmp3ze8gc50', '--error-file', '/tmp/tmp78iz6j_v']
[2023-05-26 06:00:07,310] {standard_task_runner.py:80} INFO - Job 43: Subtask db_connect
[2023-05-26 06:00:07,376] {task_command.py:371} INFO - Running <TaskInstance: tercera_entrega_ecentoz.db_connect scheduled__2023-02-06T00:00:00+00:00 [running]> on host f4aa0d8de4f3
[2023-05-26 06:00:07,443] {taskinstance.py:1591} INFO - Exporting the following env vars:
AIRFLOW_CTX_DAG_OWNER=ecentoz
AIRFLOW_CTX_DAG_ID=tercera_entrega_ecentoz
AIRFLOW_CTX_TASK_ID=db_connect
AIRFLOW_CTX_EXECUTION_DATE=2023-02-06T00:00:00+00:00
AIRFLOW_CTX_TRY_NUMBER=1
AIRFLOW_CTX_DAG_RUN_ID=scheduled__2023-02-06T00:00:00+00:00
[2023-05-26 06:00:28,035] {python.py:173} INFO - Done. Returned value was: None
[2023-05-26 06:00:28,052] {taskinstance.py:1420} INFO - Marking task as SUCCESS. dag_id=tercera_entrega_ecentoz, task_id=db_connect, execution_date=20230206T000000, start_date=20230526T060007, end_date=20230526T060028
[2023-05-26 06:00:28,082] {local_task_job.py:156} INFO - Task exited with return code 0
[2023-05-26 06:00:28,107] {local_task_job.py:273} INFO - 0 downstream tasks scheduled from follow-on schedule check
