[2023-05-26 05:54:29,724] {taskinstance.py:1179} INFO - Dependencies all met for <TaskInstance: tercera_entrega_ecentoz.db_connect scheduled__2023-01-06T00:00:00+00:00 [queued]>
[2023-05-26 05:54:29,761] {taskinstance.py:1179} INFO - Dependencies all met for <TaskInstance: tercera_entrega_ecentoz.db_connect scheduled__2023-01-06T00:00:00+00:00 [queued]>
[2023-05-26 05:54:29,763] {taskinstance.py:1376} INFO - 
--------------------------------------------------------------------------------
[2023-05-26 05:54:29,775] {taskinstance.py:1377} INFO - Starting attempt 1 of 6
[2023-05-26 05:54:29,784] {taskinstance.py:1378} INFO - 
--------------------------------------------------------------------------------
[2023-05-26 05:54:29,963] {taskinstance.py:1397} INFO - Executing <Task(PythonOperator): db_connect> on 2023-01-06 00:00:00+00:00
[2023-05-26 05:54:30,154] {standard_task_runner.py:52} INFO - Started process 227 to run task
[2023-05-26 05:54:30,340] {standard_task_runner.py:79} INFO - Running: ['***', 'tasks', 'run', 'tercera_entrega_ecentoz', 'db_connect', 'scheduled__2023-01-06T00:00:00+00:00', '--job-id', '6', '--raw', '--subdir', 'DAGS_FOLDER/dag_tercera_entrega.py', '--cfg-path', '/tmp/tmpnp2c1qxm', '--error-file', '/tmp/tmpt5fnfcol']
[2023-05-26 05:54:30,356] {standard_task_runner.py:80} INFO - Job 6: Subtask db_connect
[2023-05-26 05:54:31,576] {task_command.py:371} INFO - Running <TaskInstance: tercera_entrega_ecentoz.db_connect scheduled__2023-01-06T00:00:00+00:00 [running]> on host f4aa0d8de4f3
[2023-05-26 05:54:32,096] {taskinstance.py:1591} INFO - Exporting the following env vars:
AIRFLOW_CTX_DAG_OWNER=ecentoz
AIRFLOW_CTX_DAG_ID=tercera_entrega_ecentoz
AIRFLOW_CTX_TASK_ID=db_connect
AIRFLOW_CTX_EXECUTION_DATE=2023-01-06T00:00:00+00:00
AIRFLOW_CTX_TRY_NUMBER=1
AIRFLOW_CTX_DAG_RUN_ID=scheduled__2023-01-06T00:00:00+00:00
[2023-05-26 05:54:44,244] {taskinstance.py:1909} ERROR - Task failed with exception
Traceback (most recent call last):
  File "/home/airflow/.local/lib/python3.7/site-packages/airflow/operators/python.py", line 171, in execute
    return_value = self.execute_callable()
  File "/home/airflow/.local/lib/python3.7/site-packages/airflow/operators/python.py", line 189, in execute_callable
    return self.python_callable(*self.op_args, **self.op_kwargs)
  File "/opt/airflow/dags/dag_tercera_entrega.py", line 59, in db_connect
    df_final.to_sql('precios_activos',conn,index=False,if_exists='replace',schema='ecentoz_coderhouse')
  File "/home/airflow/.local/lib/python3.7/site-packages/pandas/core/generic.py", line 2882, in to_sql
    method=method,
  File "/home/airflow/.local/lib/python3.7/site-packages/pandas/io/sql.py", line 728, in to_sql
    **engine_kwargs,
  File "/home/airflow/.local/lib/python3.7/site-packages/pandas/io/sql.py", line 1758, in to_sql
    dtype=dtype,
  File "/home/airflow/.local/lib/python3.7/site-packages/pandas/io/sql.py", line 1650, in prep_table
    table.create()
  File "/home/airflow/.local/lib/python3.7/site-packages/pandas/io/sql.py", line 860, in create
    self.pd_sql.drop_table(self.name, self.schema)
  File "/home/airflow/.local/lib/python3.7/site-packages/pandas/io/sql.py", line 1809, in drop_table
    self.meta.reflect(only=[table_name], schema=schema)
  File "/home/airflow/.local/lib/python3.7/site-packages/sqlalchemy/sql/schema.py", line 4746, in reflect
    "in %r%s: (%s)" % (bind.engine, s, ", ".join(missing))
sqlalchemy.exc.InvalidRequestError: Could not reflect: requested table(s) not available in Engine(postgresql://ecentoz_coderhouse:***@data-engineer-cluster.cyhh5bfevlmn.us-east-1.redshift.amazonaws.com:5439/data-engineer-database) schema 'ecentoz_coderhouse': (precios_activos)
[2023-05-26 05:54:44,310] {taskinstance.py:1420} INFO - Marking task as UP_FOR_RETRY. dag_id=tercera_entrega_ecentoz, task_id=db_connect, execution_date=20230106T000000, start_date=20230526T055429, end_date=20230526T055444
[2023-05-26 05:54:44,407] {standard_task_runner.py:97} ERROR - Failed to execute job 6 for task db_connect (Could not reflect: requested table(s) not available in Engine(postgresql://ecentoz_coderhouse:***@data-engineer-cluster.cyhh5bfevlmn.us-east-1.redshift.amazonaws.com:5439/data-engineer-database) schema 'ecentoz_coderhouse': (precios_activos); 227)
[2023-05-26 05:54:44,440] {local_task_job.py:156} INFO - Task exited with return code 1
[2023-05-26 05:54:44,496] {local_task_job.py:273} INFO - 0 downstream tasks scheduled from follow-on schedule check
