[2023-05-26 05:59:45,899] {taskinstance.py:1179} INFO - Dependencies all met for <TaskInstance: tercera_entrega_ecentoz.db_connect scheduled__2023-01-06T00:00:00+00:00 [queued]>
[2023-05-26 05:59:45,913] {taskinstance.py:1179} INFO - Dependencies all met for <TaskInstance: tercera_entrega_ecentoz.db_connect scheduled__2023-01-06T00:00:00+00:00 [queued]>
[2023-05-26 05:59:45,914] {taskinstance.py:1376} INFO - 
--------------------------------------------------------------------------------
[2023-05-26 05:59:45,914] {taskinstance.py:1377} INFO - Starting attempt 2 of 6
[2023-05-26 05:59:45,915] {taskinstance.py:1378} INFO - 
--------------------------------------------------------------------------------
[2023-05-26 05:59:45,935] {taskinstance.py:1397} INFO - Executing <Task(PythonOperator): db_connect> on 2023-01-06 00:00:00+00:00
[2023-05-26 05:59:45,942] {standard_task_runner.py:52} INFO - Started process 488 to run task
[2023-05-26 05:59:45,948] {standard_task_runner.py:79} INFO - Running: ['***', 'tasks', 'run', 'tercera_entrega_ecentoz', 'db_connect', 'scheduled__2023-01-06T00:00:00+00:00', '--job-id', '38', '--raw', '--subdir', 'DAGS_FOLDER/dag_tercera_entrega.py', '--cfg-path', '/tmp/tmpkp15g8q4', '--error-file', '/tmp/tmpbdbb59_s']
[2023-05-26 05:59:45,953] {standard_task_runner.py:80} INFO - Job 38: Subtask db_connect
[2023-05-26 05:59:46,080] {task_command.py:371} INFO - Running <TaskInstance: tercera_entrega_ecentoz.db_connect scheduled__2023-01-06T00:00:00+00:00 [running]> on host f4aa0d8de4f3
[2023-05-26 05:59:46,193] {taskinstance.py:1591} INFO - Exporting the following env vars:
AIRFLOW_CTX_DAG_OWNER=ecentoz
AIRFLOW_CTX_DAG_ID=tercera_entrega_ecentoz
AIRFLOW_CTX_TASK_ID=db_connect
AIRFLOW_CTX_EXECUTION_DATE=2023-01-06T00:00:00+00:00
AIRFLOW_CTX_TRY_NUMBER=2
AIRFLOW_CTX_DAG_RUN_ID=scheduled__2023-01-06T00:00:00+00:00
[2023-05-26 06:00:15,134] {python.py:173} INFO - Done. Returned value was: None
[2023-05-26 06:00:15,155] {taskinstance.py:1420} INFO - Marking task as SUCCESS. dag_id=tercera_entrega_ecentoz, task_id=db_connect, execution_date=20230106T000000, start_date=20230526T055945, end_date=20230526T060015
[2023-05-26 06:00:15,220] {local_task_job.py:156} INFO - Task exited with return code 0
[2023-05-26 06:00:15,247] {local_task_job.py:273} INFO - 0 downstream tasks scheduled from follow-on schedule check
