[2023-05-26 05:55:23,585] {taskinstance.py:1179} INFO - Dependencies all met for <TaskInstance: tercera_entrega_ecentoz.db_connect manual__2023-05-26T05:54:28.621164+00:00 [queued]>
[2023-05-26 05:55:23,596] {taskinstance.py:1179} INFO - Dependencies all met for <TaskInstance: tercera_entrega_ecentoz.db_connect manual__2023-05-26T05:54:28.621164+00:00 [queued]>
[2023-05-26 05:55:23,597] {taskinstance.py:1376} INFO - 
--------------------------------------------------------------------------------
[2023-05-26 05:55:23,598] {taskinstance.py:1377} INFO - Starting attempt 1 of 6
[2023-05-26 05:55:23,599] {taskinstance.py:1378} INFO - 
--------------------------------------------------------------------------------
[2023-05-26 05:55:23,619] {taskinstance.py:1397} INFO - Executing <Task(PythonOperator): db_connect> on 2023-05-26 05:54:28.621164+00:00
[2023-05-26 05:55:23,625] {standard_task_runner.py:52} INFO - Started process 271 to run task
[2023-05-26 05:55:23,628] {standard_task_runner.py:79} INFO - Running: ['***', 'tasks', 'run', 'tercera_entrega_ecentoz', 'db_connect', 'manual__2023-05-26T05:54:28.621164+00:00', '--job-id', '18', '--raw', '--subdir', 'DAGS_FOLDER/dag_tercera_entrega.py', '--cfg-path', '/tmp/tmp2s9kpdxz', '--error-file', '/tmp/tmp84gf5e_v']
[2023-05-26 05:55:23,630] {standard_task_runner.py:80} INFO - Job 18: Subtask db_connect
[2023-05-26 05:55:23,703] {task_command.py:371} INFO - Running <TaskInstance: tercera_entrega_ecentoz.db_connect manual__2023-05-26T05:54:28.621164+00:00 [running]> on host f4aa0d8de4f3
[2023-05-26 05:55:23,784] {taskinstance.py:1591} INFO - Exporting the following env vars:
AIRFLOW_CTX_DAG_OWNER=ecentoz
AIRFLOW_CTX_DAG_ID=tercera_entrega_ecentoz
AIRFLOW_CTX_TASK_ID=db_connect
AIRFLOW_CTX_EXECUTION_DATE=2023-05-26T05:54:28.621164+00:00
AIRFLOW_CTX_TRY_NUMBER=1
AIRFLOW_CTX_DAG_RUN_ID=manual__2023-05-26T05:54:28.621164+00:00
[2023-05-26 05:55:50,430] {python.py:173} INFO - Done. Returned value was: None
[2023-05-26 05:55:50,447] {taskinstance.py:1420} INFO - Marking task as SUCCESS. dag_id=tercera_entrega_ecentoz, task_id=db_connect, execution_date=20230526T055428, start_date=20230526T055523, end_date=20230526T055550
[2023-05-26 05:55:50,495] {local_task_job.py:156} INFO - Task exited with return code 0
[2023-05-26 05:55:50,523] {local_task_job.py:273} INFO - 0 downstream tasks scheduled from follow-on schedule check
