[2023-05-26 06:14:18,719] {taskinstance.py:1179} INFO - Dependencies all met for <TaskInstance: tercera_entrega_ecentoz.db_connect scheduled__2023-04-03T00:00:00+00:00 [queued]>
[2023-05-26 06:14:18,729] {taskinstance.py:1179} INFO - Dependencies all met for <TaskInstance: tercera_entrega_ecentoz.db_connect scheduled__2023-04-03T00:00:00+00:00 [queued]>
[2023-05-26 06:14:18,730] {taskinstance.py:1376} INFO - 
--------------------------------------------------------------------------------
[2023-05-26 06:14:18,731] {taskinstance.py:1377} INFO - Starting attempt 1 of 6
[2023-05-26 06:14:18,732] {taskinstance.py:1378} INFO - 
--------------------------------------------------------------------------------
[2023-05-26 06:14:18,745] {taskinstance.py:1397} INFO - Executing <Task(PythonOperator): db_connect> on 2023-04-03 00:00:00+00:00
[2023-05-26 06:14:18,751] {standard_task_runner.py:52} INFO - Started process 1276 to run task
[2023-05-26 06:14:18,754] {standard_task_runner.py:79} INFO - Running: ['***', 'tasks', 'run', 'tercera_entrega_ecentoz', 'db_connect', 'scheduled__2023-04-03T00:00:00+00:00', '--job-id', '137', '--raw', '--subdir', 'DAGS_FOLDER/dag_tercera_entrega.py', '--cfg-path', '/tmp/tmpt3m0tu5n', '--error-file', '/tmp/tmp3t9ljs_x']
[2023-05-26 06:14:18,756] {standard_task_runner.py:80} INFO - Job 137: Subtask db_connect
[2023-05-26 06:14:18,822] {task_command.py:371} INFO - Running <TaskInstance: tercera_entrega_ecentoz.db_connect scheduled__2023-04-03T00:00:00+00:00 [running]> on host f4aa0d8de4f3
[2023-05-26 06:14:18,895] {taskinstance.py:1591} INFO - Exporting the following env vars:
AIRFLOW_CTX_DAG_OWNER=ecentoz
AIRFLOW_CTX_DAG_ID=tercera_entrega_ecentoz
AIRFLOW_CTX_TASK_ID=db_connect
AIRFLOW_CTX_EXECUTION_DATE=2023-04-03T00:00:00+00:00
AIRFLOW_CTX_TRY_NUMBER=1
AIRFLOW_CTX_DAG_RUN_ID=scheduled__2023-04-03T00:00:00+00:00
[2023-05-26 06:14:19,437] {logging_mixin.py:115} INFO - Se acabó la cuota de datos, revise el último df_final para decidir como continuar
[2023-05-26 06:14:26,525] {python.py:173} INFO - Done. Returned value was: None
[2023-05-26 06:14:26,537] {taskinstance.py:1420} INFO - Marking task as SUCCESS. dag_id=tercera_entrega_ecentoz, task_id=db_connect, execution_date=20230403T000000, start_date=20230526T061418, end_date=20230526T061426
[2023-05-26 06:14:26,588] {local_task_job.py:156} INFO - Task exited with return code 0
[2023-05-26 06:14:26,611] {local_task_job.py:273} INFO - 0 downstream tasks scheduled from follow-on schedule check
