[2023-05-26 06:00:26,057] {taskinstance.py:1179} INFO - Dependencies all met for <TaskInstance: tercera_entrega_ecentoz.db_connect scheduled__2023-02-07T00:00:00+00:00 [queued]>
[2023-05-26 06:00:26,067] {taskinstance.py:1179} INFO - Dependencies all met for <TaskInstance: tercera_entrega_ecentoz.db_connect scheduled__2023-02-07T00:00:00+00:00 [queued]>
[2023-05-26 06:00:26,068] {taskinstance.py:1376} INFO - 
--------------------------------------------------------------------------------
[2023-05-26 06:00:26,069] {taskinstance.py:1377} INFO - Starting attempt 1 of 6
[2023-05-26 06:00:26,070] {taskinstance.py:1378} INFO - 
--------------------------------------------------------------------------------
[2023-05-26 06:00:26,083] {taskinstance.py:1397} INFO - Executing <Task(PythonOperator): db_connect> on 2023-02-07 00:00:00+00:00
[2023-05-26 06:00:26,120] {standard_task_runner.py:52} INFO - Started process 550 to run task
[2023-05-26 06:00:26,124] {standard_task_runner.py:79} INFO - Running: ['***', 'tasks', 'run', 'tercera_entrega_ecentoz', 'db_connect', 'scheduled__2023-02-07T00:00:00+00:00', '--job-id', '53', '--raw', '--subdir', 'DAGS_FOLDER/dag_tercera_entrega.py', '--cfg-path', '/tmp/tmpq1t5qz9d', '--error-file', '/tmp/tmpl3zmc22j']
[2023-05-26 06:00:26,126] {standard_task_runner.py:80} INFO - Job 53: Subtask db_connect
[2023-05-26 06:00:26,235] {task_command.py:371} INFO - Running <TaskInstance: tercera_entrega_ecentoz.db_connect scheduled__2023-02-07T00:00:00+00:00 [running]> on host f4aa0d8de4f3
[2023-05-26 06:00:26,323] {taskinstance.py:1591} INFO - Exporting the following env vars:
AIRFLOW_CTX_DAG_OWNER=ecentoz
AIRFLOW_CTX_DAG_ID=tercera_entrega_ecentoz
AIRFLOW_CTX_TASK_ID=db_connect
AIRFLOW_CTX_EXECUTION_DATE=2023-02-07T00:00:00+00:00
AIRFLOW_CTX_TRY_NUMBER=1
AIRFLOW_CTX_DAG_RUN_ID=scheduled__2023-02-07T00:00:00+00:00
[2023-05-26 06:00:42,484] {python.py:173} INFO - Done. Returned value was: None
[2023-05-26 06:00:42,497] {taskinstance.py:1420} INFO - Marking task as SUCCESS. dag_id=tercera_entrega_ecentoz, task_id=db_connect, execution_date=20230207T000000, start_date=20230526T060026, end_date=20230526T060042
[2023-05-26 06:00:42,592] {local_task_job.py:156} INFO - Task exited with return code 0
[2023-05-26 06:00:42,684] {local_task_job.py:273} INFO - 0 downstream tasks scheduled from follow-on schedule check
