[2023-05-26 06:13:55,065] {taskinstance.py:1179} INFO - Dependencies all met for <TaskInstance: tercera_entrega_ecentoz.db_connect scheduled__2023-04-01T00:00:00+00:00 [queued]>
[2023-05-26 06:13:55,076] {taskinstance.py:1179} INFO - Dependencies all met for <TaskInstance: tercera_entrega_ecentoz.db_connect scheduled__2023-04-01T00:00:00+00:00 [queued]>
[2023-05-26 06:13:55,077] {taskinstance.py:1376} INFO - 
--------------------------------------------------------------------------------
[2023-05-26 06:13:55,078] {taskinstance.py:1377} INFO - Starting attempt 1 of 6
[2023-05-26 06:13:55,079] {taskinstance.py:1378} INFO - 
--------------------------------------------------------------------------------
[2023-05-26 06:13:55,092] {taskinstance.py:1397} INFO - Executing <Task(PythonOperator): db_connect> on 2023-04-01 00:00:00+00:00
[2023-05-26 06:13:55,099] {standard_task_runner.py:52} INFO - Started process 1249 to run task
[2023-05-26 06:13:55,101] {standard_task_runner.py:79} INFO - Running: ['***', 'tasks', 'run', 'tercera_entrega_ecentoz', 'db_connect', 'scheduled__2023-04-01T00:00:00+00:00', '--job-id', '134', '--raw', '--subdir', 'DAGS_FOLDER/dag_tercera_entrega.py', '--cfg-path', '/tmp/tmpycxdjjyy', '--error-file', '/tmp/tmp8cv7vxu0']
[2023-05-26 06:13:55,102] {standard_task_runner.py:80} INFO - Job 134: Subtask db_connect
[2023-05-26 06:13:55,163] {task_command.py:371} INFO - Running <TaskInstance: tercera_entrega_ecentoz.db_connect scheduled__2023-04-01T00:00:00+00:00 [running]> on host f4aa0d8de4f3
[2023-05-26 06:13:55,237] {taskinstance.py:1591} INFO - Exporting the following env vars:
AIRFLOW_CTX_DAG_OWNER=ecentoz
AIRFLOW_CTX_DAG_ID=tercera_entrega_ecentoz
AIRFLOW_CTX_TASK_ID=db_connect
AIRFLOW_CTX_EXECUTION_DATE=2023-04-01T00:00:00+00:00
AIRFLOW_CTX_TRY_NUMBER=1
AIRFLOW_CTX_DAG_RUN_ID=scheduled__2023-04-01T00:00:00+00:00
[2023-05-26 06:13:55,988] {logging_mixin.py:115} INFO - Se acabó la cuota de datos, revise el último df_final para decidir como continuar
[2023-05-26 06:14:04,608] {python.py:173} INFO - Done. Returned value was: None
[2023-05-26 06:14:04,619] {taskinstance.py:1420} INFO - Marking task as SUCCESS. dag_id=tercera_entrega_ecentoz, task_id=db_connect, execution_date=20230401T000000, start_date=20230526T061355, end_date=20230526T061404
[2023-05-26 06:14:04,659] {local_task_job.py:156} INFO - Task exited with return code 0
[2023-05-26 06:14:04,694] {local_task_job.py:273} INFO - 0 downstream tasks scheduled from follow-on schedule check
